0 info it worked if it ends with ok
1 verbose cli [ '/usr/bin/node',
1 verbose cli   '/usr/bin/npm',
1 verbose cli   'install',
1 verbose cli   'grunt-contrib-sass',
1 verbose cli   '-g' ]
2 info using npm@1.4.28
3 info using node@v0.10.34
4 verbose node symlink /usr/bin/node
5 verbose cache add [ 'grunt-contrib-sass', null ]
6 verbose cache add name=undefined spec="grunt-contrib-sass" args=["grunt-contrib-sass",null]
7 verbose parsed url { protocol: null,
7 verbose parsed url   slashes: null,
7 verbose parsed url   auth: null,
7 verbose parsed url   host: null,
7 verbose parsed url   port: null,
7 verbose parsed url   hostname: null,
7 verbose parsed url   hash: null,
7 verbose parsed url   search: null,
7 verbose parsed url   query: null,
7 verbose parsed url   pathname: 'grunt-contrib-sass',
7 verbose parsed url   path: 'grunt-contrib-sass',
7 verbose parsed url   href: 'grunt-contrib-sass' }
8 silly lockFile d7fc68e3-grunt-contrib-sass grunt-contrib-sass
9 verbose lock grunt-contrib-sass /home/liaozenghui/.npm/d7fc68e3-grunt-contrib-sass.lock
10 silly lockFile d7fc68e3-grunt-contrib-sass grunt-contrib-sass
11 silly lockFile d7fc68e3-grunt-contrib-sass grunt-contrib-sass
12 verbose addNamed [ 'grunt-contrib-sass', '' ]
13 verbose addNamed [ null, '*' ]
14 silly lockFile 5a9e20b6-grunt-contrib-sass grunt-contrib-sass@
15 verbose lock grunt-contrib-sass@ /home/liaozenghui/.npm/5a9e20b6-grunt-contrib-sass.lock
16 silly addNameRange { name: 'grunt-contrib-sass', range: '*', hasData: false }
17 verbose request where is /grunt-contrib-sass
18 verbose request registry https://registry.npmjs.org/
19 verbose request id 2e55cfd183a8c946
20 verbose url raw /grunt-contrib-sass
21 verbose url resolving [ 'https://registry.npmjs.org/', './grunt-contrib-sass' ]
22 verbose url resolved https://registry.npmjs.org/grunt-contrib-sass
23 verbose request where is https://registry.npmjs.org/grunt-contrib-sass
24 info trying registry request attempt 1 at 14:33:16
25 verbose etag "8KK4H6XBZ0Z1QJOCVZWXKH1AD"
26 http GET https://registry.npmjs.org/grunt-contrib-sass
27 http 304 https://registry.npmjs.org/grunt-contrib-sass
28 silly registry.get cb [ 304,
28 silly registry.get   { date: 'Fri, 02 Jan 2015 06:33:18 GMT',
28 silly registry.get     server: 'Apache',
28 silly registry.get     via: '1.1 varnish',
28 silly registry.get     'last-modified': 'Fri, 02 Jan 2015 06:33:18 GMT',
28 silly registry.get     'cache-control': 'max-age=60',
28 silly registry.get     etag: '"8KK4H6XBZ0Z1QJOCVZWXKH1AD"',
28 silly registry.get     age: '0',
28 silly registry.get     'x-served-by': 'cache-ty68-TYO',
28 silly registry.get     'x-cache': 'HIT',
28 silly registry.get     'x-cache-hits': '1',
28 silly registry.get     'x-timer': 'S1420180398.307880,VS0,VE180',
28 silly registry.get     vary: 'Accept',
28 silly registry.get     'content-length': '0',
28 silly registry.get     'keep-alive': 'timeout=10, max=50',
28 silly registry.get     connection: 'Keep-Alive' } ]
29 verbose etag https://registry.npmjs.org/grunt-contrib-sass from cache
30 silly addNameRange number 2 { name: 'grunt-contrib-sass', range: '*', hasData: true }
31 silly addNameRange versions [ 'grunt-contrib-sass',
31 silly addNameRange   [ '0.1.0',
31 silly addNameRange     '0.1.1',
31 silly addNameRange     '0.1.2',
31 silly addNameRange     '0.1.3',
31 silly addNameRange     '0.2.0',
31 silly addNameRange     '0.2.1',
31 silly addNameRange     '0.2.2',
31 silly addNameRange     '0.3.0',
31 silly addNameRange     '0.4.0',
31 silly addNameRange     '0.4.1',
31 silly addNameRange     '0.5.0',
31 silly addNameRange     '0.5.1',
31 silly addNameRange     '0.6.0',
31 silly addNameRange     '0.2.2-rc7',
31 silly addNameRange     '0.7.0',
31 silly addNameRange     '0.7.1',
31 silly addNameRange     '0.7.2',
31 silly addNameRange     '0.7.3',
31 silly addNameRange     '0.7.4',
31 silly addNameRange     '0.8.0',
31 silly addNameRange     '0.8.1' ] ]
32 verbose addNamed [ 'grunt-contrib-sass', '0.8.1' ]
33 verbose addNamed [ '0.8.1', '0.8.1' ]
34 silly lockFile db282d06-grunt-contrib-sass-0-8-1 grunt-contrib-sass@0.8.1
35 verbose lock grunt-contrib-sass@0.8.1 /home/liaozenghui/.npm/db282d06-grunt-contrib-sass-0-8-1.lock
36 silly lockFile db282d06-grunt-contrib-sass-0-8-1 grunt-contrib-sass@0.8.1
37 silly lockFile db282d06-grunt-contrib-sass-0-8-1 grunt-contrib-sass@0.8.1
38 silly lockFile 5a9e20b6-grunt-contrib-sass grunt-contrib-sass@
39 silly lockFile 5a9e20b6-grunt-contrib-sass grunt-contrib-sass@
40 silly resolved [ { name: 'grunt-contrib-sass',
40 silly resolved     description: 'Compile Sass to CSS',
40 silly resolved     version: '0.8.1',
40 silly resolved     homepage: 'https://github.com/gruntjs/grunt-contrib-sass',
40 silly resolved     author: { name: 'Grunt Team', url: 'http://gruntjs.com/' },
40 silly resolved     repository:
40 silly resolved      { type: 'git',
40 silly resolved        url: 'git://github.com/gruntjs/grunt-contrib-sass' },
40 silly resolved     licenses: [ [Object] ],
40 silly resolved     engines: { node: '>=0.10.0' },
40 silly resolved     scripts: { test: 'grunt test' },
40 silly resolved     dependencies:
40 silly resolved      { async: '^0.9.0',
40 silly resolved        chalk: '^0.5.1',
40 silly resolved        dargs: '^2.0.0',
40 silly resolved        which: '^1.0.5',
40 silly resolved        'win-spawn': '^2.0.0' },
40 silly resolved     devDependencies:
40 silly resolved      { grunt: '^0.4.5',
40 silly resolved        'grunt-contrib-clean': '^0.6.0',
40 silly resolved        'grunt-contrib-internal': '^0.4.10',
40 silly resolved        'grunt-contrib-jshint': '^0.10.0',
40 silly resolved        'grunt-contrib-nodeunit': '^0.4.1' },
40 silly resolved     peerDependencies: { grunt: '>=0.4.0' },
40 silly resolved     keywords:
40 silly resolved      [ 'gruntplugin',
40 silly resolved        'scss',
40 silly resolved        'sass',
40 silly resolved        'css',
40 silly resolved        'compile',
40 silly resolved        'preprocessor',
40 silly resolved        'style' ],
40 silly resolved     contributors: [ [Object] ],
40 silly resolved     bugs: { url: 'https://github.com/gruntjs/grunt-contrib-sass/issues' },
40 silly resolved     _id: 'grunt-contrib-sass@0.8.1',
40 silly resolved     _shasum: '8de924480dc12a51d35abe96a721682afc88d800',
40 silly resolved     _from: 'grunt-contrib-sass@',
40 silly resolved     _npmVersion: '1.4.9',
40 silly resolved     _npmUser: { name: 'sindresorhus', email: 'sindresorhus@gmail.com' },
40 silly resolved     maintainers: [ [Object], [Object], [Object], [Object], [Object] ],
40 silly resolved     dist:
40 silly resolved      { shasum: '8de924480dc12a51d35abe96a721682afc88d800',
40 silly resolved        tarball: 'http://registry.npmjs.org/grunt-contrib-sass/-/grunt-contrib-sass-0.8.1.tgz' },
40 silly resolved     directories: {},
40 silly resolved     _resolved: 'https://registry.npmjs.org/grunt-contrib-sass/-/grunt-contrib-sass-0.8.1.tgz',
40 silly resolved     readme: 'ERROR: No README data found!' } ]
41 info install grunt-contrib-sass@0.8.1 into /usr/lib
42 info installOne grunt-contrib-sass@0.8.1
43 verbose lib/node_modules/grunt-contrib-sass unbuild
44 verbose tar unpack /home/liaozenghui/.npm/grunt-contrib-sass/0.8.1/package.tgz
45 silly lockFile 3e7188d0--node-modules-grunt-contrib-sass tar:///usr/lib/node_modules/grunt-contrib-sass
46 verbose lock tar:///usr/lib/node_modules/grunt-contrib-sass /home/liaozenghui/.npm/3e7188d0--node-modules-grunt-contrib-sass.lock
47 silly lockFile 7eadf6fc-t-contrib-sass-0-8-1-package-tgz tar:///home/liaozenghui/.npm/grunt-contrib-sass/0.8.1/package.tgz
48 verbose lock tar:///home/liaozenghui/.npm/grunt-contrib-sass/0.8.1/package.tgz /home/liaozenghui/.npm/7eadf6fc-t-contrib-sass-0-8-1-package-tgz.lock
49 silly gunzTarPerm modes [ '775', '664' ]
50 error Error: EACCES, mkdir '/usr/lib/node_modules/grunt-contrib-sass'
50 error  { [Error: EACCES, mkdir '/usr/lib/node_modules/grunt-contrib-sass']
50 error   errno: 3,
50 error   code: 'EACCES',
50 error   path: '/usr/lib/node_modules/grunt-contrib-sass',
50 error   fstream_type: 'Directory',
50 error   fstream_path: '/usr/lib/node_modules/grunt-contrib-sass',
50 error   fstream_class: 'DirWriter',
50 error   fstream_stack:
50 error    [ '/usr/local/node/lib/node_modules/npm/node_modules/fstream/lib/dir-writer.js:36:23',
50 error      '/usr/local/node/lib/node_modules/npm/node_modules/mkdirp/index.js:46:53',
50 error      'Object.oncomplete (fs.js:108:15)' ] }
51 error Please try running this command again as root/Administrator.
52 error System Linux 3.13.0-43-generic
53 error command "/usr/bin/node" "/usr/bin/npm" "install" "grunt-contrib-sass" "-g"
54 error cwd /home/liaozenghui/Desktop/blog/blog
55 error node -v v0.10.34
56 error npm -v 1.4.28
57 error path /usr/lib/node_modules/grunt-contrib-sass
58 error fstream_path /usr/lib/node_modules/grunt-contrib-sass
59 error fstream_type Directory
60 error fstream_class DirWriter
61 error code EACCES
62 error errno 3
63 error stack Error: EACCES, mkdir '/usr/lib/node_modules/grunt-contrib-sass'
64 error fstream_stack /usr/local/node/lib/node_modules/npm/node_modules/fstream/lib/dir-writer.js:36:23
64 error fstream_stack /usr/local/node/lib/node_modules/npm/node_modules/mkdirp/index.js:46:53
64 error fstream_stack Object.oncomplete (fs.js:108:15)
65 verbose exit [ 3, true ]
